<?xml version="1.0" encoding="UTF-8"?>
<!-- Generated by org.testng.reporters.JUnitXMLReporter -->
<testsuite hostname="DESKTOP-P4A326G" name="Test" tests="1" failures="1" timestamp="2 Feb 2024 05:25:57 GMT" time="6.358" errors="0">
  <testcase name="verifyTitle" time="0.015" classname="practice.TitleVerification">
    <failure type="java.lang.AssertionError" message="Title doesn&amp;apos;t match the expected title. expected [Primus BANK] but found [primusbank.qedgetech.com]">
      <![CDATA[java.lang.AssertionError: Title doesn't match the expected title. expected [Primus BANK] but found [primusbank.qedgetech.com]
	at practice.TitleVerification.verifyTitle(TitleVerification.java:24)
... Removed 29 stack frames]]>
    </failure>
  </testcase> <!-- verifyTitle -->
</testsuite> <!-- Test -->
