<?xml version="1.0" encoding="UTF-8"?>
<!-- Generated by org.testng.reporters.JUnitXMLReporter -->
<testsuite hostname="DESKTOP-P4A326G" ignored="0" name="Test" tests="1" failures="1" timestamp="2024-02-02T10:53:35 IST" time="6.852" errors="0">
  <testcase name="verifyTitle" time="0.015" classname="practice.TitleVerification">
    <failure type="java.lang.AssertionError" message="Title doesn&amp;apos;t match the expected title. expected [Primus BANK] but found [primusbank.qedgetech.com]">
      <![CDATA[java.lang.AssertionError: Title doesn't match the expected title. expected [Primus BANK] but found [primusbank.qedgetech.com]
at practice.TitleVerification.verifyTitle(TitleVerification.java:24)
at java.util.ArrayList.forEach(ArrayList.java:1249)
... Removed 36 stack frames]]>
    </failure>
  </testcase> <!-- verifyTitle -->
</testsuite> <!-- Test -->
