<?xml version="1.0" encoding="UTF-8"?>
<testng-results skipped="0" failed="0" ignored="0" total="1" passed="1">
  <reporter-output>
  </reporter-output>
  <suite name="Suite" duration-ms="9967" started-at="2024-02-02T10:08:30 IST" finished-at="2024-02-02T10:08:40 IST">
    <groups>
    </groups>
    <test name="Test" duration-ms="9967" started-at="2024-02-02T10:08:30 IST" finished-at="2024-02-02T10:08:40 IST">
      <class name="practice.GetSize">
        <test-method status="PASS" signature="setUp()[pri:0, instance:practice.GetSize@76707e36]" name="setUp" is-config="true" duration-ms="9517" started-at="2024-02-02T10:08:30 IST" finished-at="2024-02-02T10:08:39 IST">
          <reporter-output>
          </reporter-output>
        </test-method> <!-- setUp -->
        <test-method status="PASS" signature="getSize()[pri:0, instance:practice.GetSize@76707e36]" name="getSize" duration-ms="61" started-at="2024-02-02T10:08:40 IST" finished-at="2024-02-02T10:08:40 IST">
          <reporter-output>
          </reporter-output>
        </test-method> <!-- getSize -->
        <test-method status="PASS" signature="tearDown()[pri:0, instance:practice.GetSize@76707e36]" name="tearDown" is-config="true" duration-ms="128" started-at="2024-02-02T10:08:40 IST" finished-at="2024-02-02T10:08:40 IST">
          <reporter-output>
          </reporter-output>
        </test-method> <!-- tearDown -->
      </class> <!-- practice.GetSize -->
    </test> <!-- Test -->
  </suite> <!-- Suite -->
</testng-results>
