<?xml version="1.0" encoding="UTF-8"?>
<testng-results skipped="0" failed="0" ignored="0" total="1" passed="1">
  <reporter-output>
  </reporter-output>
  <suite name="Suite" duration-ms="5267" started-at="2024-02-02T12:29:08 IST" finished-at="2024-02-02T12:29:14 IST">
    <groups>
    </groups>
    <test name="Test" duration-ms="5267" started-at="2024-02-02T12:29:08 IST" finished-at="2024-02-02T12:29:14 IST">
      <class name="practice.TitleVerificationPOM">
        <test-method status="PASS" signature="titlePOM()[pri:0, instance:practice.TitleVerificationPOM@1e6d1014]" name="titlePOM" duration-ms="3414" started-at="2024-02-02T12:29:09 IST" finished-at="2024-02-02T12:29:12 IST">
          <reporter-output>
          </reporter-output>
        </test-method> <!-- titlePOM -->
        <test-method status="PASS" signature="tearDown()[pri:0, instance:practice.TitleVerificationPOM@1e6d1014]" name="tearDown" is-config="true" duration-ms="1799" started-at="2024-02-02T12:29:12 IST" finished-at="2024-02-02T12:29:14 IST">
          <reporter-output>
          </reporter-output>
        </test-method> <!-- tearDown -->
      </class> <!-- practice.TitleVerificationPOM -->
    </test> <!-- Test -->
  </suite> <!-- Suite -->
</testng-results>
