<?xml version="1.0" encoding="UTF-8"?>
<testng-results skipped="0" failed="0" total="2" passed="2">
  <reporter-output>
  </reporter-output>
  <suite name="Suite" duration-ms="11341" started-at="2024-02-02T05:53:36Z" finished-at="2024-02-02T05:53:47Z">
    <groups>
    </groups>
    <test name="Test" duration-ms="11341" started-at="2024-02-02T05:53:36Z" finished-at="2024-02-02T05:53:47Z">
      <class name="practice.GetSize">
        <test-method status="PASS" signature="setUp()[pri:0, instance:practice.GetSize@47f37ef1]" name="setUp" is-config="true" duration-ms="5878" started-at="2024-02-02T11:23:36Z" finished-at="2024-02-02T11:23:42Z">
          <reporter-output>
          </reporter-output>
        </test-method> <!-- setUp -->
        <test-method status="PASS" signature="setUp()[pri:0, instance:practice.TitleVerification@5a01ccaa]" name="setUp" is-config="true" duration-ms="4398" started-at="2024-02-02T11:23:42Z" finished-at="2024-02-02T11:23:46Z">
          <reporter-output>
          </reporter-output>
        </test-method> <!-- setUp -->
        <test-method status="PASS" signature="getSize()[pri:0, instance:practice.GetSize@47f37ef1]" name="getSize" duration-ms="232" started-at="2024-02-02T11:23:46Z" finished-at="2024-02-02T11:23:46Z">
          <reporter-output>
          </reporter-output>
        </test-method> <!-- getSize -->
        <test-method status="PASS" signature="tearDown()[pri:0, instance:practice.GetSize@47f37ef1]" name="tearDown" is-config="true" duration-ms="107" started-at="2024-02-02T11:23:46Z" finished-at="2024-02-02T11:23:46Z">
          <reporter-output>
          </reporter-output>
        </test-method> <!-- tearDown -->
        <test-method status="PASS" signature="tearDown()[pri:0, instance:practice.TitleVerification@5a01ccaa]" name="tearDown" is-config="true" duration-ms="713" started-at="2024-02-02T11:23:46Z" finished-at="2024-02-02T11:23:47Z">
          <reporter-output>
          </reporter-output>
        </test-method> <!-- tearDown -->
      </class> <!-- practice.GetSize -->
      <class name="practice.TitleVerification">
        <test-method status="PASS" signature="verifyTitle()[pri:0, instance:practice.TitleVerification@5a01ccaa]" name="verifyTitle" duration-ms="195" started-at="2024-02-02T11:23:46Z" finished-at="2024-02-02T11:23:46Z">
          <reporter-output>
          </reporter-output>
        </test-method> <!-- verifyTitle -->
      </class> <!-- practice.TitleVerification -->
    </test> <!-- Test -->
  </suite> <!-- Suite -->
</testng-results>
